{"total": {"lines":{"total":178,"covered":119,"skipped":0,"pct":66.85},"statements":{"total":180,"covered":121,"skipped":0,"pct":67.22},"functions":{"total":39,"covered":28,"skipped":0,"pct":71.79},"branches":{"total":126,"covered":66,"skipped":0,"pct":52.38}}
,"/Users/shawn/Documents/WorkSpace/Tools/front-end-arsenal/packages/vue-docs/src/ast.ts": {"lines":{"total":97,"covered":70,"skipped":0,"pct":72.16},"functions":{"total":24,"covered":20,"skipped":0,"pct":83.33},"statements":{"total":99,"covered":72,"skipped":0,"pct":72.73},"branches":{"total":75,"covered":50,"skipped":0,"pct":66.67}}
,"/Users/shawn/Documents/WorkSpace/Tools/front-end-arsenal/packages/vue-docs/src/main.ts": {"lines":{"total":58,"covered":29,"skipped":0,"pct":50},"functions":{"total":10,"covered":5,"skipped":0,"pct":50},"statements":{"total":58,"covered":29,"skipped":0,"pct":50},"branches":{"total":49,"covered":16,"skipped":0,"pct":32.65}}
,"/Users/shawn/Documents/WorkSpace/Tools/front-end-arsenal/packages/vue-docs/src/utils.ts": {"lines":{"total":5,"covered":2,"skipped":0,"pct":40},"functions":{"total":3,"covered":1,"skipped":0,"pct":33.33},"statements":{"total":5,"covered":2,"skipped":0,"pct":40},"branches":{"total":2,"covered":0,"skipped":0,"pct":0}}
,"/Users/shawn/Documents/WorkSpace/Tools/front-end-arsenal/packages/vue-docs/test/data/emits.ts": {"lines":{"total":3,"covered":3,"skipped":0,"pct":100},"functions":{"total":0,"covered":0,"skipped":0,"pct":100},"statements":{"total":3,"covered":3,"skipped":0,"pct":100},"branches":{"total":0,"covered":0,"skipped":0,"pct":100}}
,"/Users/shawn/Documents/WorkSpace/Tools/front-end-arsenal/packages/vue-docs/test/data/normal.ts": {"lines":{"total":2,"covered":2,"skipped":0,"pct":100},"functions":{"total":0,"covered":0,"skipped":0,"pct":100},"statements":{"total":2,"covered":2,"skipped":0,"pct":100},"branches":{"total":0,"covered":0,"skipped":0,"pct":100}}
,"/Users/shawn/Documents/WorkSpace/Tools/front-end-arsenal/packages/vue-docs/test/data/props.ts": {"lines":{"total":5,"covered":5,"skipped":0,"pct":100},"functions":{"total":0,"covered":0,"skipped":0,"pct":100},"statements":{"total":5,"covered":5,"skipped":0,"pct":100},"branches":{"total":0,"covered":0,"skipped":0,"pct":100}}
,"/Users/shawn/Documents/WorkSpace/Tools/front-end-arsenal/packages/vue-docs/test/data/slots.ts": {"lines":{"total":6,"covered":6,"skipped":0,"pct":100},"functions":{"total":0,"covered":0,"skipped":0,"pct":100},"statements":{"total":6,"covered":6,"skipped":0,"pct":100},"branches":{"total":0,"covered":0,"skipped":0,"pct":100}}
,"/Users/shawn/Documents/WorkSpace/Tools/front-end-arsenal/packages/vue-docs/test/data/utils.ts": {"lines":{"total":2,"covered":2,"skipped":0,"pct":100},"functions":{"total":2,"covered":2,"skipped":0,"pct":100},"statements":{"total":2,"covered":2,"skipped":0,"pct":100},"branches":{"total":0,"covered":0,"skipped":0,"pct":100}}
}
