{"total": {"lines":{"total":193,"covered":152,"skipped":0,"pct":78.76},"statements":{"total":195,"covered":154,"skipped":0,"pct":78.97},"functions":{"total":41,"covered":32,"skipped":0,"pct":78.05},"branches":{"total":137,"covered":80,"skipped":0,"pct":58.39}}
,"/Users/mac/Documents/workSpace/Tools/front-end-arsenal/packages/vue-docs/src/ast.ts": {"lines":{"total":97,"covered":93,"skipped":0,"pct":95.88},"functions":{"total":24,"covered":24,"skipped":0,"pct":100},"statements":{"total":99,"covered":95,"skipped":0,"pct":95.96},"branches":{"total":75,"covered":63,"skipped":0,"pct":84}}
,"/Users/mac/Documents/workSpace/Tools/front-end-arsenal/packages/vue-docs/src/main.ts": {"lines":{"total":66,"covered":32,"skipped":0,"pct":48.48},"functions":{"total":12,"covered":5,"skipped":0,"pct":41.67},"statements":{"total":66,"covered":32,"skipped":0,"pct":48.48},"branches":{"total":60,"covered":17,"skipped":0,"pct":28.33}}
,"/Users/mac/Documents/workSpace/Tools/front-end-arsenal/packages/vue-docs/src/utils.ts": {"lines":{"total":5,"covered":2,"skipped":0,"pct":40},"functions":{"total":3,"covered":1,"skipped":0,"pct":33.33},"statements":{"total":5,"covered":2,"skipped":0,"pct":40},"branches":{"total":2,"covered":0,"skipped":0,"pct":0}}
,"/Users/mac/Documents/workSpace/Tools/front-end-arsenal/packages/vue-docs/test/data/emits.ts": {"lines":{"total":3,"covered":3,"skipped":0,"pct":100},"functions":{"total":0,"covered":0,"skipped":0,"pct":100},"statements":{"total":3,"covered":3,"skipped":0,"pct":100},"branches":{"total":0,"covered":0,"skipped":0,"pct":100}}
,"/Users/mac/Documents/workSpace/Tools/front-end-arsenal/packages/vue-docs/test/data/methods.ts": {"lines":{"total":7,"covered":7,"skipped":0,"pct":100},"functions":{"total":0,"covered":0,"skipped":0,"pct":100},"statements":{"total":7,"covered":7,"skipped":0,"pct":100},"branches":{"total":0,"covered":0,"skipped":0,"pct":100}}
,"/Users/mac/Documents/workSpace/Tools/front-end-arsenal/packages/vue-docs/test/data/normal.ts": {"lines":{"total":2,"covered":2,"skipped":0,"pct":100},"functions":{"total":0,"covered":0,"skipped":0,"pct":100},"statements":{"total":2,"covered":2,"skipped":0,"pct":100},"branches":{"total":0,"covered":0,"skipped":0,"pct":100}}
,"/Users/mac/Documents/workSpace/Tools/front-end-arsenal/packages/vue-docs/test/data/props.ts": {"lines":{"total":5,"covered":5,"skipped":0,"pct":100},"functions":{"total":0,"covered":0,"skipped":0,"pct":100},"statements":{"total":5,"covered":5,"skipped":0,"pct":100},"branches":{"total":0,"covered":0,"skipped":0,"pct":100}}
,"/Users/mac/Documents/workSpace/Tools/front-end-arsenal/packages/vue-docs/test/data/slots.ts": {"lines":{"total":6,"covered":6,"skipped":0,"pct":100},"functions":{"total":0,"covered":0,"skipped":0,"pct":100},"statements":{"total":6,"covered":6,"skipped":0,"pct":100},"branches":{"total":0,"covered":0,"skipped":0,"pct":100}}
,"/Users/mac/Documents/workSpace/Tools/front-end-arsenal/packages/vue-docs/test/data/utils.ts": {"lines":{"total":2,"covered":2,"skipped":0,"pct":100},"functions":{"total":2,"covered":2,"skipped":0,"pct":100},"statements":{"total":2,"covered":2,"skipped":0,"pct":100},"branches":{"total":0,"covered":0,"skipped":0,"pct":100}}
}
